<?xml version="1.0" encoding="UTF-8"?>
<!-- Generated by org.testng.reporters.JUnitXMLReporter -->
<testsuite hostname="LENOVO" ignored="0" name="Test" tests="12" failures="1" timestamp="25 Jun 2021 04:06:30 GMT" time="258.912" errors="0">
  <testcase name="buyPageTitleTest" time="2.775" classname="com.mavendemo.test.BuyPageTest"/>
  <testcase name="paymentPageTitleTest" time="1.021" classname="com.mavendemo.test.PaymentPageTest"/>
  <testcase name="cartPagePriceTest" time="1.031" classname="com.mavendemo.test.CartPageTest"/>
  <testcase name="homePageTitleTest" time="0.05" classname="com.mavendemo.test.HomePageAndProductSelectPageTest"/>
  <testcase name="loginPageTitleTest" time="0.176" classname="com.mavendemo.test.LoginPageTest"/>
  <testcase name="buyPageBuyButtonClick" time="4.157" classname="com.mavendemo.test.BuyPageTest"/>
  <testcase name="creditCardPaymentTest" time="4.741" classname="com.mavendemo.test.PaymentPageTest"/>
  <testcase name="placeOrderButtonClick" time="3.46" classname="com.mavendemo.test.CartPageTest"/>
  <testcase name="homeTest" time="5.347" classname="com.mavendemo.test.HomePageAndProductSelectPageTest"/>
  <testcase name="loginTest" time="1.722" classname="com.mavendemo.test.LoginPageTest"/>
  <testcase name="homePageUserTest" time="0.065" classname="com.mavendemo.test.HomePageAndProductSelectPageTest"/>
  <testcase name="ProductPageProductTest" time="3.585" classname="com.mavendemo.test.HomePageAndProductSelectPageTest">
    <failure type="java.lang.AssertionError" message="expected [true] but found [false]">
      <![CDATA[java.lang.AssertionError: expected [true] but found [false]
at com.mavendemo.test.HomePageAndProductSelectPageTest.ProductPageProductTest(HomePageAndProductSelectPageTest.java:98)
at java.util.concurrent.FutureTask.run(FutureTask.java:266)
at java.util.concurrent.ThreadPoolExecutor.runWorker(ThreadPoolExecutor.java:1149)
at java.util.concurrent.ThreadPoolExecutor$Worker.run(ThreadPoolExecutor.java:624)
at java.lang.Thread.run(Thread.java:748)
... Removed 20 stack frames]]>
    </failure>
  </testcase> <!-- ProductPageProductTest -->
</testsuite> <!-- Test -->
