<?xml version="1.0" encoding="UTF-8"?>
<!-- Generated by org.testng.reporters.JUnitXMLReporter -->
<testsuite hostname="LENOVO" ignored="0" name="Command line test" tests="8" failures="1" timestamp="16 Jun 2021 10:26:51 GMT" time="168.765" errors="0">
  <testcase name="homePageTitleTest" time="0.083" classname="com.mavendemo.test.HomePageTest"/>
  <testcase name="loginPageTitleTest" time="0.01" classname="com.mavendemo.test.LoginPageTest"/>
  <testcase name="ProductPageTitleTest" time="1.009" classname="com.mavendemo.test.ProductPageTest">
    <failure type="java.lang.AssertionError" message="Product Page Title is not Matched expected [Iphone- Buy Products Online at Best Price in India - All Categories | Flipkart.com] but found [Online Shopping Site for Mobiles, Electronics, Furniture, Grocery, Lifestyle, Books &amp;amp; More. Best Offers!]">
      <![CDATA[java.lang.AssertionError: Product Page Title is not Matched expected [Iphone- Buy Products Online at Best Price in India - All Categories | Flipkart.com] but found [Online Shopping Site for Mobiles, Electronics, Furniture, Grocery, Lifestyle, Books & More. Best Offers!]
at com.mavendemo.test.ProductPageTest.ProductPageTitleTest(ProductPageTest.java:42)
... Removed 40 stack frames]]>
    </failure>
  </testcase> <!-- ProductPageTitleTest -->
  <testcase name="hometest" time="2.448" classname="com.mavendemo.test.HomePageTest"/>
  <testcase name="loginTest" time="1.653" classname="com.mavendemo.test.LoginPageTest"/>
  <testcase name="ProductPageProductTest" time="1.441" classname="com.mavendemo.test.ProductPageTest"/>
  <testcase name="homePageUserTest" time="2.684" classname="com.mavendemo.test.HomePageTest"/>
  <testcase name="Producttest" time="3.214" classname="com.mavendemo.test.ProductPageTest"/>
</testsuite> <!-- Command line test -->
