<?xml version="1.0" encoding="UTF-8" ?>
<testsuite tests="8" failures="1" name="TestSuite" time="12.895" errors="0" skipped="0">
  <properties>
[...]
</properties>
  <testcase classname="com.mavendemo.test.HomePageTest" name="homePageTitleTest" time="0.085"/>
  <testcase classname="com.mavendemo.test.LoginPageTest" name="loginPageTitleTest" time="0.009"/>
  <testcase classname="com.mavendemo.test.ProductPageTest" name="ProductPageTitleTest" time="1.361">
    <failure message="Product Page Title is not Matched expected [Iphone- Buy Products Online at Best Price in India - All Categories | Flipkart.com] but found [Online Shopping Site for Mobiles, Electronics, Furniture, Grocery, Lifestyle, Books &amp; More. Best Offers!]" type="java.lang.AssertionError">java.lang.AssertionError: Product Page Title is not Matched expected [Iphone- Buy Products Online at Best Price in India - All Categories | Flipkart.com] but found [Online Shopping Site for Mobiles, Electronics, Furniture, Grocery, Lifestyle, Books &amp; More. Best Offers!]
	at org.testng.Assert.fail(Assert.java:96)
	at org.testng.Assert.failNotEquals(Assert.java:776)
	at org.testng.Assert.assertEqualsImpl(Assert.java:137)
	at org.testng.Assert.assertEquals(Assert.java:118)
	at org.testng.Assert.assertEquals(Assert.java:453)
	at com.mavendemo.test.ProductPageTest.ProductPageTitleTest(ProductPageTest.java:42)
</failure>
    <system-err>Starting ChromeDriver 91.0.4472.19 (1bf021f248676a0b2ab3ee0561d83a59e424c23e-refs/branch-heads/4472@{#288}) on port 10273
Only local connections are allowed.
Please see https://chromedriver.chromium.org/security-considerations for suggestions on keeping ChromeDriver safe.
ChromeDriver was started successfully.
Jun 16, 2021 3:54:53 PM org.openqa.selenium.remote.ProtocolHandshake createSession
INFO: Detected dialect: W3C
</system-err>
  </testcase>
  <testcase classname="com.mavendemo.test.HomePageTest" name="hometest" time="2.447"/>
  <testcase classname="com.mavendemo.test.LoginPageTest" name="loginTest" time="1.653"/>
  <testcase classname="com.mavendemo.test.ProductPageTest" name="ProductPageProductTest" time="1.442"/>
  <testcase classname="com.mavendemo.test.HomePageTest" name="homePageUserTest" time="2.684"/>
  <testcase classname="com.mavendemo.test.ProductPageTest" name="Producttest" time="3.214"/>
</testsuite>