<?xml version="1.0" encoding="UTF-8"?>
<testng-results skipped="0" failed="0" ignored="0" total="1" passed="1">
  <reporter-output>
  </reporter-output>
  <suite name="Default suite" duration-ms="45240" started-at="2021-06-29T14:08:51Z" finished-at="2021-06-29T14:09:36Z">
    <groups>
    </groups>
    <test name="Default test" duration-ms="45240" started-at="2021-06-29T14:08:51Z" finished-at="2021-06-29T14:09:36Z">
      <class name="com.mavendemo.test.PaymentPageTest">
        <test-method status="PASS" signature="setup()[pri:0, instance:com.mavendemo.test.PaymentPageTest@76f2b07d]" name="setup" is-config="true" duration-ms="37344" started-at="2021-06-29T14:08:51Z" finished-at="2021-06-29T14:09:29Z">
          <reporter-output>
          </reporter-output>
        </test-method> <!-- setup -->
        <test-method status="PASS" signature="creditCardPaymentTest()[pri:2, instance:com.mavendemo.test.PaymentPageTest@76f2b07d]" name="creditCardPaymentTest" duration-ms="7858" started-at="2021-06-29T14:09:29Z" finished-at="2021-06-29T14:09:36Z">
          <reporter-output>
          </reporter-output>
        </test-method> <!-- creditCardPaymentTest -->
      </class> <!-- com.mavendemo.test.PaymentPageTest -->
    </test> <!-- Default test -->
  </suite> <!-- Default suite -->
</testng-results>
